Started GET "/" for 127.0.0.1 at 2019-08-14 12:43:32 +0300

ActiveRecord::PendingMigrationError - Migrations are pending. To resolve this issue, run:

        bin/rails db:migrate RAILS_ENV=development

:

Started POST "/__better_errors/01c2d9d3bdd2c4c0/variables" for 127.0.0.1 at 2019-08-14 12:43:32 +0300
  [1m[35m (0.1ms)[0m  [1m[34mSELECT sqlite_version(*)[0m
  [1m[35m (101.0ms)[0m  [1m[35mCREATE TABLE "schema_migrations" ("version" varchar NOT NULL PRIMARY KEY)[0m
  [1m[35m (108.8ms)[0m  [1m[35mCREATE TABLE "ar_internal_metadata" ("key" varchar NOT NULL PRIMARY KEY, "value" varchar, "created_at" datetime NOT NULL, "updated_at" datetime NOT NULL)[0m
  [1m[35m (0.1ms)[0m  [1m[34mSELECT "schema_migrations"."version" FROM "schema_migrations" ORDER BY "schema_migrations"."version" ASC[0m
Migrating to CreateUsers (20180208095245)
  [1m[35m (0.1ms)[0m  [1m[36mbegin transaction[0m
  [1m[35m (0.4ms)[0m  [1m[35mCREATE TABLE "users" ("id" INTEGER PRIMARY KEY AUTOINCREMENT NOT NULL, "name" varchar, "created_at" datetime NOT NULL, "updated_at" datetime NOT NULL)[0m
  [1m[35mSQL (0.2ms)[0m  [1m[32mINSERT INTO "schema_migrations" ("version") VALUES (?)[0m  [["version", "20180208095245"]]
  [1m[35m (97.1ms)[0m  [1m[36mcommit transaction[0m
Migrating to CreateEvents (20180208095428)
  [1m[35m (0.1ms)[0m  [1m[36mbegin transaction[0m
  [1m[35m (0.4ms)[0m  [1m[35mCREATE TABLE "events" ("id" INTEGER PRIMARY KEY AUTOINCREMENT NOT NULL, "description" text, "date" datetime, "place" varchar, "creator_id" integer, "created_at" datetime NOT NULL, "updated_at" datetime NOT NULL, CONSTRAINT "fk_rails_15c34a9137"
FOREIGN KEY ("creator_id")
  REFERENCES "users" ("id")
)[0m
  [1m[35m (0.2ms)[0m  [1m[35mCREATE  INDEX "index_events_on_creator_id" ON "events" ("creator_id")[0m
  [1m[35mSQL (0.2ms)[0m  [1m[32mINSERT INTO "schema_migrations" ("version") VALUES (?)[0m  [["version", "20180208095428"]]
  [1m[35m (93.7ms)[0m  [1m[36mcommit transaction[0m
Migrating to CreateJoinTableEventsUsers (20180208105640)
  [1m[35m (0.1ms)[0m  [1m[36mbegin transaction[0m
  [1m[35m (0.3ms)[0m  [1m[35mCREATE TABLE "events_users" ("event_id" integer NOT NULL, "user_id" integer NOT NULL)[0m
  [1m[35mSQL (0.1ms)[0m  [1m[32mINSERT INTO "schema_migrations" ("version") VALUES (?)[0m  [["version", "20180208105640"]]
  [1m[35m (73.9ms)[0m  [1m[36mcommit transaction[0m
  [1m[36mActiveRecord::InternalMetadata Load (0.2ms)[0m  [1m[34mSELECT  "ar_internal_metadata".* FROM "ar_internal_metadata" WHERE "ar_internal_metadata"."key" = ? LIMIT ?[0m  [["key", "environment"], ["LIMIT", 1]]
  [1m[35m (0.1ms)[0m  [1m[36mbegin transaction[0m
  [1m[35mSQL (0.4ms)[0m  [1m[32mINSERT INTO "ar_internal_metadata" ("key", "value", "created_at", "updated_at") VALUES (?, ?, ?, ?)[0m  [["key", "environment"], ["value", "development"], ["created_at", "2019-08-14 09:47:09.585283"], ["updated_at", "2019-08-14 09:47:09.585283"]]
  [1m[35m (63.1ms)[0m  [1m[36mcommit transaction[0m
  [1m[35m (0.1ms)[0m  [1m[34mSELECT "schema_migrations"."version" FROM "schema_migrations" ORDER BY "schema_migrations"."version" ASC[0m
  [1m[35m (0.1ms)[0m  [1m[34m            SELECT sql
            FROM sqlite_master
            WHERE name='index_events_on_creator_id' AND type='index'
            UNION ALL
            SELECT sql
            FROM sqlite_temp_master
            WHERE name='index_events_on_creator_id' AND type='index'
[0m
  [1m[35m (0.1ms)[0m  [1m[34mSELECT "schema_migrations"."version" FROM "schema_migrations" ORDER BY "schema_migrations"."version" ASC[0m
Started GET "/" for 127.0.0.1 at 2019-08-14 12:47:37 +0300
  [1m[35m (0.2ms)[0m  [1m[34mSELECT "schema_migrations"."version" FROM "schema_migrations" ORDER BY "schema_migrations"."version" ASC[0m
Processing by EventsController#index as HTML
  Rendering events/index.html.erb within layouts/application
  [1m[36mEvent Load (0.2ms)[0m  [1m[34mSELECT "events".* FROM "events"[0m
  Rendered events/index.html.erb within layouts/application (2.6ms)
  [1m[36mUser Load (0.2ms)[0m  [1m[34mSELECT  "users".* FROM "users" WHERE "users"."id" IS NULL LIMIT ?[0m  [["LIMIT", 1]]
  Rendered layouts/_header.html.erb (17.1ms)
Completed 200 OK in 1730ms (Views: 1705.7ms | ActiveRecord: 1.0ms)


Started GET "/login" for 127.0.0.1 at 2019-08-14 12:47:44 +0300
Processing by SessionsController#new as HTML
  Rendering sessions/new.html.erb within layouts/application
  Rendered sessions/new.html.erb within layouts/application (30.2ms)
  [1m[36mUser Load (0.2ms)[0m  [1m[34mSELECT  "users".* FROM "users" WHERE "users"."id" IS NULL LIMIT ?[0m  [["LIMIT", 1]]
  Rendered layouts/_header.html.erb (1.6ms)
Completed 200 OK in 52ms (Views: 51.0ms | ActiveRecord: 0.2ms)


Started POST "/login" for 127.0.0.1 at 2019-08-14 12:48:00 +0300
Processing by SessionsController#create as HTML
  Parameters: {"utf8"=>"✓", "authenticity_token"=>"+HRY1uJwxz/IQqzGfKNMWzbC2GP6jFV6hFpLRXQanB3acahY6dTZn7ZpcsgSBieU5GZJPkjfBh4pVR5x+u4sDg==", "session"=>{"id"=>"Finaadr0@gmail.com"}, "commit"=>"Log in"}
  [1m[36mUser Load (0.2ms)[0m  [1m[34mSELECT  "users".* FROM "users" WHERE "users"."id" = ? LIMIT ?[0m  [["id", 0], ["LIMIT", 1]]
  Rendering sessions/new.html.erb within layouts/application
  Rendered sessions/new.html.erb within layouts/application (1.3ms)
  [1m[36mUser Load (1.4ms)[0m  [1m[34mSELECT  "users".* FROM "users" WHERE "users"."id" IS NULL LIMIT ?[0m  [["LIMIT", 1]]
  Rendered layouts/_header.html.erb (3.5ms)
Completed 200 OK in 44ms (Views: 39.2ms | ActiveRecord: 1.6ms)


Started POST "/login" for 127.0.0.1 at 2019-08-14 12:48:05 +0300
Processing by SessionsController#create as HTML
  Parameters: {"utf8"=>"✓", "authenticity_token"=>"cA7j24uZ53rfv1OIvMyY3e3VlRpLbX2JYh0axxGTHIrOTyQjpB74ZpiLJrOlf1lX4NK4oUbJ0/g+S427wZdX+Q==", "session"=>{"id"=>"Fina"}, "commit"=>"Log in"}
  [1m[36mUser Load (0.1ms)[0m  [1m[34mSELECT  "users".* FROM "users" WHERE "users"."id" = ? LIMIT ?[0m  [["id", 0], ["LIMIT", 1]]
  Rendering sessions/new.html.erb within layouts/application
  Rendered sessions/new.html.erb within layouts/application (1.1ms)
  [1m[36mUser Load (0.2ms)[0m  [1m[34mSELECT  "users".* FROM "users" WHERE "users"."id" IS NULL LIMIT ?[0m  [["LIMIT", 1]]
  Rendered layouts/_header.html.erb (1.5ms)
Completed 200 OK in 27ms (Views: 26.1ms | ActiveRecord: 0.3ms)


Started GET "/signup" for 127.0.0.1 at 2019-08-14 12:48:07 +0300
Processing by UsersController#new as HTML
  Rendering users/new.html.erb within layouts/application
  Rendered users/new.html.erb within layouts/application (2.1ms)
  [1m[36mUser Load (0.2ms)[0m  [1m[34mSELECT  "users".* FROM "users" WHERE "users"."id" IS NULL LIMIT ?[0m  [["LIMIT", 1]]
  Rendered layouts/_header.html.erb (1.7ms)
Completed 200 OK in 42ms (Views: 27.3ms | ActiveRecord: 0.6ms)


Started POST "/signup" for 127.0.0.1 at 2019-08-14 12:48:12 +0300
Processing by UsersController#create as HTML
  Parameters: {"utf8"=>"✓", "authenticity_token"=>"b7fDNaCqRAlCivm8ZZrWoA12qqVIb8cUC03Dn3KTjcyOafbfn2HIFnq3eAaTgSayfyfqt5hJsaVM28NbPExQFg==", "user"=>{"name"=>"Fina"}, "commit"=>"Create user"}
  [1m[35m (0.1ms)[0m  [1m[36mbegin transaction[0m
  [1m[35mSQL (0.3ms)[0m  [1m[32mINSERT INTO "users" ("name", "created_at", "updated_at") VALUES (?, ?, ?)[0m  [["name", "Fina"], ["created_at", "2019-08-14 09:48:12.512306"], ["updated_at", "2019-08-14 09:48:12.512306"]]
  [1m[35m (113.6ms)[0m  [1m[36mcommit transaction[0m
Redirected to http://localhost:3000/users/1
Completed 302 Found in 118ms (ActiveRecord: 114.0ms)


Started GET "/users/1" for 127.0.0.1 at 2019-08-14 12:48:12 +0300
Processing by UsersController#show as HTML
  Parameters: {"id"=>"1"}
  [1m[36mUser Load (0.1ms)[0m  [1m[34mSELECT  "users".* FROM "users" WHERE "users"."id" = ? LIMIT ?[0m  [["id", 1], ["LIMIT", 1]]
  Rendering users/show.html.erb within layouts/application
  [1m[36mUser Load (0.1ms)[0m  [1m[34mSELECT  "users".* FROM "users" WHERE "users"."id" = ? LIMIT ?[0m  [["id", 1], ["LIMIT", 1]]
  [1m[36mEvent Load (0.2ms)[0m  [1m[34mSELECT "events".* FROM "events" WHERE "events"."creator_id" = ?[0m  [["creator_id", 1]]
  [1m[36mEvent Load (0.2ms)[0m  [1m[34mSELECT "events".* FROM "events" INNER JOIN "events_users" ON "events"."id" = "events_users"."event_id" WHERE "events_users"."user_id" = ?[0m  [["user_id", 1]]
  Rendered users/show.html.erb within layouts/application (25.3ms)
  Rendered layouts/_header.html.erb (0.8ms)
Completed 200 OK in 59ms (Views: 54.9ms | ActiveRecord: 1.1ms)


Started GET "/login" for 127.0.0.1 at 2019-08-14 12:48:26 +0300
Processing by SessionsController#new as HTML
  Rendering sessions/new.html.erb within layouts/application
  Rendered sessions/new.html.erb within layouts/application (1.3ms)
  [1m[36mUser Load (1.5ms)[0m  [1m[34mSELECT  "users".* FROM "users" WHERE "users"."id" = ? LIMIT ?[0m  [["id", 1], ["LIMIT", 1]]
  Rendered layouts/_header.html.erb (4.3ms)
Completed 200 OK in 30ms (Views: 27.9ms | ActiveRecord: 1.5ms)


Started GET "/login" for 127.0.0.1 at 2019-08-14 12:48:27 +0300
Processing by SessionsController#new as HTML
  Rendering sessions/new.html.erb within layouts/application
  Rendered sessions/new.html.erb within layouts/application (1.8ms)
  [1m[36mUser Load (0.1ms)[0m  [1m[34mSELECT  "users".* FROM "users" WHERE "users"."id" = ? LIMIT ?[0m  [["id", 1], ["LIMIT", 1]]
  Rendered layouts/_header.html.erb (2.3ms)
Completed 200 OK in 65ms (Views: 62.9ms | ActiveRecord: 0.1ms)


Started GET "/" for 127.0.0.1 at 2019-08-14 12:48:29 +0300
Processing by EventsController#index as HTML
  Rendering events/index.html.erb within layouts/application
  [1m[36mEvent Load (0.2ms)[0m  [1m[34mSELECT "events".* FROM "events"[0m
  Rendered events/index.html.erb within layouts/application (1.2ms)
  [1m[36mUser Load (0.2ms)[0m  [1m[34mSELECT  "users".* FROM "users" WHERE "users"."id" = ? LIMIT ?[0m  [["id", 1], ["LIMIT", 1]]
  Rendered layouts/_header.html.erb (1.4ms)
Completed 200 OK in 27ms (Views: 26.2ms | ActiveRecord: 0.3ms)


Started GET "/users/1" for 127.0.0.1 at 2019-08-14 12:48:32 +0300
Processing by UsersController#show as HTML
  Parameters: {"id"=>"1"}
  [1m[36mUser Load (0.1ms)[0m  [1m[34mSELECT  "users".* FROM "users" WHERE "users"."id" = ? LIMIT ?[0m  [["id", 1], ["LIMIT", 1]]
  Rendering users/show.html.erb within layouts/application
  [1m[36mUser Load (0.1ms)[0m  [1m[34mSELECT  "users".* FROM "users" WHERE "users"."id" = ? LIMIT ?[0m  [["id", 1], ["LIMIT", 1]]
  [1m[36mEvent Load (0.1ms)[0m  [1m[34mSELECT "events".* FROM "events" WHERE "events"."creator_id" = ?[0m  [["creator_id", 1]]
  [1m[36mEvent Load (0.1ms)[0m  [1m[34mSELECT "events".* FROM "events" INNER JOIN "events_users" ON "events"."id" = "events_users"."event_id" WHERE "events_users"."user_id" = ?[0m  [["user_id", 1]]
  Rendered users/show.html.erb within layouts/application (5.1ms)
  Rendered layouts/_header.html.erb (0.7ms)
Completed 200 OK in 27ms (Views: 25.7ms | ActiveRecord: 0.4ms)


Started GET "/events/new" for 127.0.0.1 at 2019-08-14 12:48:34 +0300
Processing by EventsController#new as HTML
  [1m[36mUser Load (0.1ms)[0m  [1m[34mSELECT  "users".* FROM "users" WHERE "users"."id" = ? LIMIT ?[0m  [["id", 1], ["LIMIT", 1]]
  Rendering events/new.html.erb within layouts/application
  Rendered events/new.html.erb within layouts/application (3.2ms)
  Rendered layouts/_header.html.erb (0.7ms)
Completed 200 OK in 50ms (Views: 21.2ms | ActiveRecord: 0.1ms)


Started GET "/" for 127.0.0.1 at 2019-08-14 12:48:39 +0300
Processing by EventsController#index as HTML
  Rendering events/index.html.erb within layouts/application
  [1m[36mEvent Load (0.2ms)[0m  [1m[34mSELECT "events".* FROM "events"[0m
  Rendered events/index.html.erb within layouts/application (1.1ms)
  [1m[36mUser Load (0.1ms)[0m  [1m[34mSELECT  "users".* FROM "users" WHERE "users"."id" = ? LIMIT ?[0m  [["id", 1], ["LIMIT", 1]]
  Rendered layouts/_header.html.erb (1.6ms)
Completed 200 OK in 31ms (Views: 29.7ms | ActiveRecord: 0.3ms)


Started DELETE "/logout" for 127.0.0.1 at 2019-08-14 12:49:00 +0300
Processing by SessionsController#destroy as HTML
  Parameters: {"authenticity_token"=>"3Td4nV5ITcE/J/HwyqdFqWWFWY+WotsVsBI87zdUAqxjdr9lcc9S3XgThMvTFIQjaIJ0NJsGdWTsRKuT51BJ3w=="}
Redirected to http://localhost:3000/
Completed 302 Found in 1ms (ActiveRecord: 0.0ms)


Started GET "/" for 127.0.0.1 at 2019-08-14 12:49:00 +0300
Processing by EventsController#index as HTML
  Rendering events/index.html.erb within layouts/application
  [1m[36mEvent Load (0.2ms)[0m  [1m[34mSELECT "events".* FROM "events"[0m
  Rendered events/index.html.erb within layouts/application (1.2ms)
  [1m[36mUser Load (0.2ms)[0m  [1m[34mSELECT  "users".* FROM "users" WHERE "users"."id" IS NULL LIMIT ?[0m  [["LIMIT", 1]]
  Rendered layouts/_header.html.erb (1.9ms)
Completed 200 OK in 29ms (Views: 27.4ms | ActiveRecord: 0.4ms)


Started GET "/" for 127.0.0.1 at 2019-08-14 12:49:04 +0300
Processing by EventsController#index as HTML
  Rendering events/index.html.erb within layouts/application
  [1m[36mEvent Load (0.2ms)[0m  [1m[34mSELECT "events".* FROM "events"[0m
  Rendered events/index.html.erb within layouts/application (1.3ms)
  [1m[36mUser Load (0.2ms)[0m  [1m[34mSELECT  "users".* FROM "users" WHERE "users"."id" IS NULL LIMIT ?[0m  [["LIMIT", 1]]
  Rendered layouts/_header.html.erb (2.7ms)
Completed 200 OK in 33ms (Views: 31.5ms | ActiveRecord: 0.3ms)


Started GET "/login" for 127.0.0.1 at 2019-08-14 12:49:05 +0300
Processing by SessionsController#new as HTML
  Rendering sessions/new.html.erb within layouts/application
  Rendered sessions/new.html.erb within layouts/application (1.2ms)
  [1m[36mUser Load (0.2ms)[0m  [1m[34mSELECT  "users".* FROM "users" WHERE "users"."id" IS NULL LIMIT ?[0m  [["LIMIT", 1]]
  Rendered layouts/_header.html.erb (1.8ms)
Completed 200 OK in 30ms (Views: 28.9ms | ActiveRecord: 0.2ms)


Started POST "/login" for 127.0.0.1 at 2019-08-14 12:49:11 +0300
Processing by SessionsController#create as HTML
  Parameters: {"utf8"=>"✓", "authenticity_token"=>"5Ydb8rUfdFACjAeD9qa1y3UXQs+BYGe/Gnm27VhB86bHgqt8vrtq8Hyn2Y2YA94Ep7PTkjMzNNu3duPZ1rVDtQ==", "session"=>{"id"=>"Fina"}, "commit"=>"Log in"}
  [1m[36mUser Load (0.1ms)[0m  [1m[34mSELECT  "users".* FROM "users" WHERE "users"."id" = ? LIMIT ?[0m  [["id", 0], ["LIMIT", 1]]
  Rendering sessions/new.html.erb within layouts/application
  Rendered sessions/new.html.erb within layouts/application (1.2ms)
  [1m[36mUser Load (0.2ms)[0m  [1m[34mSELECT  "users".* FROM "users" WHERE "users"."id" IS NULL LIMIT ?[0m  [["LIMIT", 1]]
  Rendered layouts/_header.html.erb (1.4ms)
Completed 200 OK in 28ms (Views: 27.2ms | ActiveRecord: 0.3ms)


Started GET "/signup" for 127.0.0.1 at 2019-08-14 12:49:14 +0300
Processing by UsersController#new as HTML
  Rendering users/new.html.erb within layouts/application
  Rendered users/new.html.erb within layouts/application (1.3ms)
  [1m[36mUser Load (0.2ms)[0m  [1m[34mSELECT  "users".* FROM "users" WHERE "users"."id" IS NULL LIMIT ?[0m  [["LIMIT", 1]]
  Rendered layouts/_header.html.erb (1.4ms)
Completed 200 OK in 28ms (Views: 27.3ms | ActiveRecord: 0.2ms)


Started POST "/signup" for 127.0.0.1 at 2019-08-14 12:49:20 +0300
Processing by UsersController#create as HTML
  Parameters: {"utf8"=>"✓", "authenticity_token"=>"n9USG7Fjt4i+GrxbZRpu2SWzm2mIvcLFyKSEfsyuxll+Cyfxjqg7l4YnPeGTAZ7LV+Lbe1ibtHSPMoS6gnEbgw==", "user"=>{"name"=>"Fina"}, "commit"=>"Create user"}
  [1m[35m (0.1ms)[0m  [1m[36mbegin transaction[0m
  [1m[35mSQL (0.2ms)[0m  [1m[32mINSERT INTO "users" ("name", "created_at", "updated_at") VALUES (?, ?, ?)[0m  [["name", "Fina"], ["created_at", "2019-08-14 09:49:20.262387"], ["updated_at", "2019-08-14 09:49:20.262387"]]
  [1m[35m (123.7ms)[0m  [1m[36mcommit transaction[0m
Redirected to http://localhost:3000/users/2
Completed 302 Found in 127ms (ActiveRecord: 124.0ms)


Started GET "/users/2" for 127.0.0.1 at 2019-08-14 12:49:20 +0300
Processing by UsersController#show as HTML
  Parameters: {"id"=>"2"}
  [1m[36mUser Load (0.1ms)[0m  [1m[34mSELECT  "users".* FROM "users" WHERE "users"."id" = ? LIMIT ?[0m  [["id", 2], ["LIMIT", 1]]
  Rendering users/show.html.erb within layouts/application
  [1m[36mUser Load (0.1ms)[0m  [1m[34mSELECT  "users".* FROM "users" WHERE "users"."id" = ? LIMIT ?[0m  [["id", 2], ["LIMIT", 1]]
  [1m[36mEvent Load (0.1ms)[0m  [1m[34mSELECT "events".* FROM "events" WHERE "events"."creator_id" = ?[0m  [["creator_id", 2]]
  [1m[36mEvent Load (0.1ms)[0m  [1m[34mSELECT "events".* FROM "events" INNER JOIN "events_users" ON "events"."id" = "events_users"."event_id" WHERE "events_users"."user_id" = ?[0m  [["user_id", 2]]
  Rendered users/show.html.erb within layouts/application (4.0ms)
  Rendered layouts/_header.html.erb (0.8ms)
Completed 200 OK in 30ms (Views: 27.5ms | ActiveRecord: 0.4ms)


Started GET "/users/2" for 127.0.0.1 at 2019-08-14 12:49:27 +0300
Processing by UsersController#show as HTML
  Parameters: {"id"=>"2"}
  [1m[36mUser Load (0.1ms)[0m  [1m[34mSELECT  "users".* FROM "users" WHERE "users"."id" = ? LIMIT ?[0m  [["id", 2], ["LIMIT", 1]]
  Rendering users/show.html.erb within layouts/application
  [1m[36mUser Load (0.1ms)[0m  [1m[34mSELECT  "users".* FROM "users" WHERE "users"."id" = ? LIMIT ?[0m  [["id", 2], ["LIMIT", 1]]
  [1m[36mEvent Load (0.1ms)[0m  [1m[34mSELECT "events".* FROM "events" WHERE "events"."creator_id" = ?[0m  [["creator_id", 2]]
  [1m[36mEvent Load (0.1ms)[0m  [1m[34mSELECT "events".* FROM "events" INNER JOIN "events_users" ON "events"."id" = "events_users"."event_id" WHERE "events_users"."user_id" = ?[0m  [["user_id", 2]]
  Rendered users/show.html.erb within layouts/application (3.2ms)
  Rendered layouts/_header.html.erb (0.7ms)
Completed 200 OK in 29ms (Views: 27.8ms | ActiveRecord: 0.4ms)


Started GET "/" for 127.0.0.1 at 2019-08-14 12:49:32 +0300
Processing by EventsController#index as HTML
  Rendering events/index.html.erb within layouts/application
  [1m[36mEvent Load (0.2ms)[0m  [1m[34mSELECT "events".* FROM "events"[0m
  Rendered events/index.html.erb within layouts/application (1.2ms)
  [1m[36mUser Load (0.1ms)[0m  [1m[34mSELECT  "users".* FROM "users" WHERE "users"."id" = ? LIMIT ?[0m  [["id", 2], ["LIMIT", 1]]
  Rendered layouts/_header.html.erb (2.2ms)
Completed 200 OK in 32ms (Views: 30.5ms | ActiveRecord: 0.3ms)


Started GET "/" for 127.0.0.1 at 2019-08-14 12:49:33 +0300
Processing by EventsController#index as HTML
  Rendering events/index.html.erb within layouts/application
  [1m[36mEvent Load (0.2ms)[0m  [1m[34mSELECT "events".* FROM "events"[0m
  Rendered events/index.html.erb within layouts/application (0.9ms)
  [1m[36mUser Load (0.1ms)[0m  [1m[34mSELECT  "users".* FROM "users" WHERE "users"."id" = ? LIMIT ?[0m  [["id", 2], ["LIMIT", 1]]
  Rendered layouts/_header.html.erb (1.9ms)
Completed 200 OK in 26ms (Views: 24.9ms | ActiveRecord: 0.3ms)


Started GET "/" for 127.0.0.1 at 2019-08-14 12:49:33 +0300
Processing by EventsController#index as HTML
  Rendering events/index.html.erb within layouts/application
  [1m[36mEvent Load (0.2ms)[0m  [1m[34mSELECT "events".* FROM "events"[0m
  Rendered events/index.html.erb within layouts/application (1.2ms)
  [1m[36mUser Load (0.1ms)[0m  [1m[34mSELECT  "users".* FROM "users" WHERE "users"."id" = ? LIMIT ?[0m  [["id", 2], ["LIMIT", 1]]
  Rendered layouts/_header.html.erb (1.5ms)
Completed 200 OK in 23ms (Views: 21.7ms | ActiveRecord: 0.3ms)


Started GET "/" for 127.0.0.1 at 2019-08-14 12:49:33 +0300
Processing by EventsController#index as HTML
  Rendering events/index.html.erb within layouts/application
  [1m[36mEvent Load (0.2ms)[0m  [1m[34mSELECT "events".* FROM "events"[0m
  Rendered events/index.html.erb within layouts/application (1.1ms)
  [1m[36mUser Load (0.1ms)[0m  [1m[34mSELECT  "users".* FROM "users" WHERE "users"."id" = ? LIMIT ?[0m  [["id", 2], ["LIMIT", 1]]
  Rendered layouts/_header.html.erb (1.4ms)
Completed 200 OK in 22ms (Views: 21.1ms | ActiveRecord: 0.3ms)


Started DELETE "/logout" for 127.0.0.1 at 2019-08-14 12:49:35 +0300
Processing by SessionsController#destroy as HTML
  Parameters: {"authenticity_token"=>"nEut1cARUmCZDTuPJ2Rmd67y8mweceF7PlFCbExYKmsiCmot75ZNfN45TrQ+16f9o/Xf1xPVTwpiB9UQnFxhGA=="}
Redirected to http://localhost:3000/
Completed 302 Found in 1ms (ActiveRecord: 0.0ms)


Started GET "/" for 127.0.0.1 at 2019-08-14 12:49:35 +0300
Processing by EventsController#index as HTML
  Rendering events/index.html.erb within layouts/application
  [1m[36mEvent Load (0.1ms)[0m  [1m[34mSELECT "events".* FROM "events"[0m
  Rendered events/index.html.erb within layouts/application (0.9ms)
  [1m[36mUser Load (0.2ms)[0m  [1m[34mSELECT  "users".* FROM "users" WHERE "users"."id" IS NULL LIMIT ?[0m  [["LIMIT", 1]]
  Rendered layouts/_header.html.erb (1.8ms)
Completed 200 OK in 25ms (Views: 24.1ms | ActiveRecord: 0.4ms)


Started GET "/login" for 127.0.0.1 at 2019-08-14 12:49:36 +0300
Processing by SessionsController#new as HTML
  Rendering sessions/new.html.erb within layouts/application
  Rendered sessions/new.html.erb within layouts/application (1.4ms)
  [1m[36mUser Load (0.2ms)[0m  [1m[34mSELECT  "users".* FROM "users" WHERE "users"."id" IS NULL LIMIT ?[0m  [["LIMIT", 1]]
  Rendered layouts/_header.html.erb (3.2ms)
Completed 200 OK in 28ms (Views: 26.8ms | ActiveRecord: 0.2ms)


Started POST "/login" for 127.0.0.1 at 2019-08-14 12:49:40 +0300
Processing by SessionsController#create as HTML
  Parameters: {"utf8"=>"✓", "authenticity_token"=>"wRiITQXs3w8wWPvaaRkf6PhSYdt5pdagA90FZXBvMnXjHXjDDkjBr05zJdQHvHQnKvbwhsv2hcSu0lBR/puCZg==", "session"=>{"id"=>"Fina"}, "commit"=>"Log in"}
  [1m[36mUser Load (0.1ms)[0m  [1m[34mSELECT  "users".* FROM "users" WHERE "users"."id" = ? LIMIT ?[0m  [["id", 0], ["LIMIT", 1]]
  Rendering sessions/new.html.erb within layouts/application
  Rendered sessions/new.html.erb within layouts/application (1.3ms)
  [1m[36mUser Load (0.2ms)[0m  [1m[34mSELECT  "users".* FROM "users" WHERE "users"."id" IS NULL LIMIT ?[0m  [["LIMIT", 1]]
  Rendered layouts/_header.html.erb (1.3ms)
Completed 200 OK in 30ms (Views: 28.6ms | ActiveRecord: 0.3ms)


Started GET "/" for 127.0.0.1 at 2019-08-14 12:49:53 +0300
Processing by EventsController#index as HTML
  Rendering events/index.html.erb within layouts/application
  [1m[36mEvent Load (0.2ms)[0m  [1m[34mSELECT "events".* FROM "events"[0m
  Rendered events/index.html.erb within layouts/application (1.1ms)
  [1m[36mUser Load (0.2ms)[0m  [1m[34mSELECT  "users".* FROM "users" WHERE "users"."id" IS NULL LIMIT ?[0m  [["LIMIT", 1]]
  Rendered layouts/_header.html.erb (2.0ms)
Completed 200 OK in 45ms (Views: 43.8ms | ActiveRecord: 0.3ms)


Started GET "/" for 127.0.0.1 at 2019-08-14 13:01:32 +0300
Processing by EventsController#index as HTML
  Rendering events/index.html.erb within layouts/application
  [1m[36mEvent Load (0.2ms)[0m  [1m[34mSELECT "events".* FROM "events"[0m
  Rendered events/index.html.erb within layouts/application (1.1ms)
  [1m[36mUser Load (0.2ms)[0m  [1m[34mSELECT  "users".* FROM "users" WHERE "users"."id" IS NULL LIMIT ?[0m  [["LIMIT", 1]]
  Rendered layouts/_header.html.erb (1.5ms)
Completed 200 OK in 27ms (Views: 25.7ms | ActiveRecord: 0.4ms)


Started GET "/login" for 127.0.0.1 at 2019-08-14 13:01:34 +0300
Processing by SessionsController#new as HTML
  Rendering sessions/new.html.erb within layouts/application
  Rendered sessions/new.html.erb within layouts/application (1.3ms)
  [1m[36mUser Load (0.8ms)[0m  [1m[34mSELECT  "users".* FROM "users" WHERE "users"."id" IS NULL LIMIT ?[0m  [["LIMIT", 1]]
  Rendered layouts/_header.html.erb (2.4ms)
Completed 200 OK in 33ms (Views: 31.0ms | ActiveRecord: 0.8ms)


Started GET "/signup" for 127.0.0.1 at 2019-08-14 13:01:36 +0300
Processing by UsersController#new as HTML
  Rendering users/new.html.erb within layouts/application
  Rendered users/new.html.erb within layouts/application (1.3ms)
  [1m[36mUser Load (0.4ms)[0m  [1m[34mSELECT  "users".* FROM "users" WHERE "users"."id" IS NULL LIMIT ?[0m  [["LIMIT", 1]]
  Rendered layouts/_header.html.erb (2.5ms)
Completed 200 OK in 28ms (Views: 26.3ms | ActiveRecord: 0.4ms)


Started POST "/signup" for 127.0.0.1 at 2019-08-14 13:01:41 +0300
Processing by UsersController#create as HTML
  Parameters: {"utf8"=>"✓", "authenticity_token"=>"SSGX9hSCiepWelKi0SlsqPyE2SBsY+ga8rcqIiVrFDeo/6IcK0kF9W5H0xgnMpy6jtWZMrxFnqu1ISrma7TJ7Q==", "user"=>{"name"=>"test"}, "commit"=>"Create user"}
  [1m[35m (0.1ms)[0m  [1m[36mbegin transaction[0m
  [1m[35mSQL (0.2ms)[0m  [1m[32mINSERT INTO "users" ("name", "created_at", "updated_at") VALUES (?, ?, ?)[0m  [["name", "test"], ["created_at", "2019-08-14 10:01:41.526034"], ["updated_at", "2019-08-14 10:01:41.526034"]]
  [1m[35m (109.9ms)[0m  [1m[36mcommit transaction[0m
Redirected to http://localhost:3000/users/3
Completed 302 Found in 114ms (ActiveRecord: 110.2ms)


Started GET "/users/3" for 127.0.0.1 at 2019-08-14 13:01:41 +0300
Processing by UsersController#show as HTML
  Parameters: {"id"=>"3"}
  [1m[36mUser Load (0.1ms)[0m  [1m[34mSELECT  "users".* FROM "users" WHERE "users"."id" = ? LIMIT ?[0m  [["id", 3], ["LIMIT", 1]]
  Rendering users/show.html.erb within layouts/application
  [1m[36mUser Load (0.1ms)[0m  [1m[34mSELECT  "users".* FROM "users" WHERE "users"."id" = ? LIMIT ?[0m  [["id", 3], ["LIMIT", 1]]
  [1m[36mEvent Load (0.1ms)[0m  [1m[34mSELECT "events".* FROM "events" WHERE "events"."creator_id" = ?[0m  [["creator_id", 3]]
  [1m[36mEvent Load (0.1ms)[0m  [1m[34mSELECT "events".* FROM "events" INNER JOIN "events_users" ON "events"."id" = "events_users"."event_id" WHERE "events_users"."user_id" = ?[0m  [["user_id", 3]]
  Rendered users/show.html.erb within layouts/application (3.5ms)
  Rendered layouts/_header.html.erb (0.7ms)
Completed 200 OK in 23ms (Views: 21.9ms | ActiveRecord: 0.4ms)


Started GET "/" for 127.0.0.1 at 2019-08-14 13:01:48 +0300
Processing by EventsController#index as HTML
  Rendering events/index.html.erb within layouts/application
  [1m[36mEvent Load (0.2ms)[0m  [1m[34mSELECT "events".* FROM "events"[0m
  Rendered events/index.html.erb within layouts/application (1.1ms)
  [1m[36mUser Load (0.1ms)[0m  [1m[34mSELECT  "users".* FROM "users" WHERE "users"."id" = ? LIMIT ?[0m  [["id", 3], ["LIMIT", 1]]
  Rendered layouts/_header.html.erb (1.3ms)
Completed 200 OK in 25ms (Views: 23.7ms | ActiveRecord: 0.3ms)


Started GET "/" for 127.0.0.1 at 2019-08-14 13:01:50 +0300
Processing by EventsController#index as HTML
  Rendering events/index.html.erb within layouts/application
  [1m[36mEvent Load (0.2ms)[0m  [1m[34mSELECT "events".* FROM "events"[0m
  Rendered events/index.html.erb within layouts/application (1.0ms)
  [1m[36mUser Load (0.1ms)[0m  [1m[34mSELECT  "users".* FROM "users" WHERE "users"."id" = ? LIMIT ?[0m  [["id", 3], ["LIMIT", 1]]
  Rendered layouts/_header.html.erb (4.6ms)
Completed 200 OK in 30ms (Views: 28.8ms | ActiveRecord: 0.3ms)


Started GET "/users/3" for 127.0.0.1 at 2019-08-14 13:01:52 +0300
Processing by UsersController#show as HTML
  Parameters: {"id"=>"3"}
  [1m[36mUser Load (0.1ms)[0m  [1m[34mSELECT  "users".* FROM "users" WHERE "users"."id" = ? LIMIT ?[0m  [["id", 3], ["LIMIT", 1]]
  Rendering users/show.html.erb within layouts/application
  [1m[36mUser Load (0.1ms)[0m  [1m[34mSELECT  "users".* FROM "users" WHERE "users"."id" = ? LIMIT ?[0m  [["id", 3], ["LIMIT", 1]]
  [1m[36mEvent Load (0.1ms)[0m  [1m[34mSELECT "events".* FROM "events" WHERE "events"."creator_id" = ?[0m  [["creator_id", 3]]
  [1m[36mEvent Load (0.1ms)[0m  [1m[34mSELECT "events".* FROM "events" INNER JOIN "events_users" ON "events"."id" = "events_users"."event_id" WHERE "events_users"."user_id" = ?[0m  [["user_id", 3]]
  Rendered users/show.html.erb within layouts/application (4.6ms)
  Rendered layouts/_header.html.erb (0.7ms)
Completed 200 OK in 29ms (Views: 27.6ms | ActiveRecord: 0.4ms)


Started GET "/events/new" for 127.0.0.1 at 2019-08-14 13:01:55 +0300
Processing by EventsController#new as HTML
  [1m[36mUser Load (0.1ms)[0m  [1m[34mSELECT  "users".* FROM "users" WHERE "users"."id" = ? LIMIT ?[0m  [["id", 3], ["LIMIT", 1]]
  Rendering events/new.html.erb within layouts/application
  Rendered events/new.html.erb within layouts/application (1.8ms)
  Rendered layouts/_header.html.erb (0.7ms)
Completed 200 OK in 47ms (Views: 46.1ms | ActiveRecord: 0.1ms)


Started POST "/events/new" for 127.0.0.1 at 2019-08-14 13:02:11 +0300
Processing by EventsController#create as HTML
  Parameters: {"utf8"=>"✓", "authenticity_token"=>"V1vLwQOwn4nVmXg1zmh6XMe5JPdfaCM3CtckTZy5p2YRctN/mNUbi6mUnc8eCS6dvVt2Xc1YxzwaMsCgyhKjAg==", "event"=>{"description"=>"mtest", "date"=>"2019-08-01", "place"=>"tana"}, "commit"=>"Create event"}
  [1m[36mUser Load (0.1ms)[0m  [1m[34mSELECT  "users".* FROM "users" WHERE "users"."id" = ? LIMIT ?[0m  [["id", 3], ["LIMIT", 1]]
  [1m[35m (0.1ms)[0m  [1m[36mbegin transaction[0m
  [1m[35mSQL (0.6ms)[0m  [1m[32mINSERT INTO "events" ("description", "date", "place", "creator_id", "created_at", "updated_at") VALUES (?, ?, ?, ?, ?, ?)[0m  [["description", "mtest"], ["date", "2019-08-01 00:00:00"], ["place", "tana"], ["creator_id", 3], ["created_at", "2019-08-14 10:02:11.557458"], ["updated_at", "2019-08-14 10:02:11.557458"]]
  [1m[35m (115.7ms)[0m  [1m[36mcommit transaction[0m
Redirected to http://localhost:3000/events
Completed 302 Found in 125ms (ActiveRecord: 116.4ms)


Started GET "/events" for 127.0.0.1 at 2019-08-14 13:02:11 +0300
Processing by EventsController#index as HTML
  Rendering events/index.html.erb within layouts/application
  [1m[36mEvent Load (0.3ms)[0m  [1m[34mSELECT "events".* FROM "events"[0m
  Rendered events/index.html.erb within layouts/application (1.8ms)
  [1m[36mUser Load (0.1ms)[0m  [1m[34mSELECT  "users".* FROM "users" WHERE "users"."id" = ? LIMIT ?[0m  [["id", 3], ["LIMIT", 1]]
  Rendered layouts/_header.html.erb (1.3ms)
Completed 200 OK in 23ms (Views: 21.0ms | ActiveRecord: 0.4ms)


Started GET "/" for 127.0.0.1 at 2019-08-14 13:02:15 +0300
Processing by EventsController#index as HTML
  Rendering events/index.html.erb within layouts/application
  [1m[36mEvent Load (0.2ms)[0m  [1m[34mSELECT "events".* FROM "events"[0m
  Rendered events/index.html.erb within layouts/application (1.6ms)
  [1m[36mUser Load (0.1ms)[0m  [1m[34mSELECT  "users".* FROM "users" WHERE "users"."id" = ? LIMIT ?[0m  [["id", 3], ["LIMIT", 1]]
  Rendered layouts/_header.html.erb (2.4ms)
Completed 200 OK in 31ms (Views: 30.0ms | ActiveRecord: 0.3ms)


Started GET "/" for 127.0.0.1 at 2019-08-14 13:02:18 +0300
Processing by EventsController#index as HTML
  Rendering events/index.html.erb within layouts/application
  [1m[36mEvent Load (0.2ms)[0m  [1m[34mSELECT "events".* FROM "events"[0m
  Rendered events/index.html.erb within layouts/application (1.8ms)
  [1m[36mUser Load (0.1ms)[0m  [1m[34mSELECT  "users".* FROM "users" WHERE "users"."id" = ? LIMIT ?[0m  [["id", 3], ["LIMIT", 1]]
  Rendered layouts/_header.html.erb (2.5ms)
Completed 200 OK in 29ms (Views: 27.4ms | ActiveRecord: 0.4ms)


Started GET "/" for 127.0.0.1 at 2019-08-14 13:02:19 +0300
Processing by EventsController#index as HTML
  Rendering events/index.html.erb within layouts/application
  [1m[36mEvent Load (0.2ms)[0m  [1m[34mSELECT "events".* FROM "events"[0m
  Rendered events/index.html.erb within layouts/application (2.0ms)
  [1m[36mUser Load (0.1ms)[0m  [1m[34mSELECT  "users".* FROM "users" WHERE "users"."id" = ? LIMIT ?[0m  [["id", 3], ["LIMIT", 1]]
  Rendered layouts/_header.html.erb (1.3ms)
Completed 200 OK in 33ms (Views: 31.8ms | ActiveRecord: 0.4ms)


Started GET "/" for 127.0.0.1 at 2019-08-14 13:02:20 +0300
Processing by EventsController#index as HTML
  Rendering events/index.html.erb within layouts/application
  [1m[36mEvent Load (0.2ms)[0m  [1m[34mSELECT "events".* FROM "events"[0m
  Rendered events/index.html.erb within layouts/application (1.4ms)
  [1m[36mUser Load (0.1ms)[0m  [1m[34mSELECT  "users".* FROM "users" WHERE "users"."id" = ? LIMIT ?[0m  [["id", 3], ["LIMIT", 1]]
  Rendered layouts/_header.html.erb (2.5ms)
Completed 200 OK in 26ms (Views: 24.6ms | ActiveRecord: 0.3ms)


Started GET "/" for 127.0.0.1 at 2019-08-14 13:02:21 +0300
Processing by EventsController#index as HTML
  Rendering events/index.html.erb within layouts/application
  [1m[36mEvent Load (0.2ms)[0m  [1m[34mSELECT "events".* FROM "events"[0m
  Rendered events/index.html.erb within layouts/application (1.3ms)
  [1m[36mUser Load (0.1ms)[0m  [1m[34mSELECT  "users".* FROM "users" WHERE "users"."id" = ? LIMIT ?[0m  [["id", 3], ["LIMIT", 1]]
  Rendered layouts/_header.html.erb (2.2ms)
Completed 200 OK in 26ms (Views: 24.3ms | ActiveRecord: 0.3ms)


Started GET "/" for 127.0.0.1 at 2019-08-14 13:02:21 +0300
Processing by EventsController#index as HTML
  Rendering events/index.html.erb within layouts/application
  [1m[36mEvent Load (0.2ms)[0m  [1m[34mSELECT "events".* FROM "events"[0m
  Rendered events/index.html.erb within layouts/application (1.4ms)
  [1m[36mUser Load (0.1ms)[0m  [1m[34mSELECT  "users".* FROM "users" WHERE "users"."id" = ? LIMIT ?[0m  [["id", 3], ["LIMIT", 1]]
  Rendered layouts/_header.html.erb (3.6ms)
Completed 200 OK in 27ms (Views: 26.2ms | ActiveRecord: 0.3ms)


Started GET "/" for 127.0.0.1 at 2019-08-14 13:02:21 +0300
Processing by EventsController#index as HTML
  Rendering events/index.html.erb within layouts/application
  [1m[36mEvent Load (0.2ms)[0m  [1m[34mSELECT "events".* FROM "events"[0m
  Rendered events/index.html.erb within layouts/application (1.8ms)
  [1m[36mUser Load (0.1ms)[0m  [1m[34mSELECT  "users".* FROM "users" WHERE "users"."id" = ? LIMIT ?[0m  [["id", 3], ["LIMIT", 1]]
  Rendered layouts/_header.html.erb (2.3ms)
Completed 200 OK in 32ms (Views: 30.2ms | ActiveRecord: 0.4ms)


Started GET "/" for 127.0.0.1 at 2019-08-14 13:02:21 +0300
Processing by EventsController#index as HTML
  Rendering events/index.html.erb within layouts/application
  [1m[36mEvent Load (0.2ms)[0m  [1m[34mSELECT "events".* FROM "events"[0m
  Rendered events/index.html.erb within layouts/application (1.2ms)
  [1m[36mUser Load (0.2ms)[0m  [1m[34mSELECT  "users".* FROM "users" WHERE "users"."id" = ? LIMIT ?[0m  [["id", 3], ["LIMIT", 1]]
  Rendered layouts/_header.html.erb (1.6ms)
Completed 200 OK in 29ms (Views: 27.8ms | ActiveRecord: 0.3ms)


Started GET "/" for 127.0.0.1 at 2019-08-14 13:02:21 +0300
Processing by EventsController#index as HTML
  Rendering events/index.html.erb within layouts/application
  [1m[36mEvent Load (0.2ms)[0m  [1m[34mSELECT "events".* FROM "events"[0m
  Rendered events/index.html.erb within layouts/application (1.7ms)
  [1m[36mUser Load (0.1ms)[0m  [1m[34mSELECT  "users".* FROM "users" WHERE "users"."id" = ? LIMIT ?[0m  [["id", 3], ["LIMIT", 1]]
  Rendered layouts/_header.html.erb (1.7ms)
Completed 200 OK in 49ms (Views: 47.7ms | ActiveRecord: 0.4ms)


Started GET "/" for 127.0.0.1 at 2019-08-14 13:02:22 +0300
Processing by EventsController#index as HTML
  Rendering events/index.html.erb within layouts/application
  [1m[36mEvent Load (0.2ms)[0m  [1m[34mSELECT "events".* FROM "events"[0m
  Rendered events/index.html.erb within layouts/application (1.5ms)
  [1m[36mUser Load (0.1ms)[0m  [1m[34mSELECT  "users".* FROM "users" WHERE "users"."id" = ? LIMIT ?[0m  [["id", 3], ["LIMIT", 1]]
  Rendered layouts/_header.html.erb (1.4ms)
Completed 200 OK in 24ms (Views: 23.2ms | ActiveRecord: 0.3ms)


Started GET "/" for 127.0.0.1 at 2019-08-14 13:02:22 +0300
Processing by EventsController#index as HTML
  Rendering events/index.html.erb within layouts/application
  [1m[36mEvent Load (0.2ms)[0m  [1m[34mSELECT "events".* FROM "events"[0m
  Rendered events/index.html.erb within layouts/application (1.7ms)
  [1m[36mUser Load (0.1ms)[0m  [1m[34mSELECT  "users".* FROM "users" WHERE "users"."id" = ? LIMIT ?[0m  [["id", 3], ["LIMIT", 1]]
  Rendered layouts/_header.html.erb (1.5ms)
Completed 200 OK in 32ms (Views: 30.3ms | ActiveRecord: 0.3ms)


